<?xml version="1.0" encoding="UTF-8"?>
<testsuite name="com.frozo.ambientscribe.audio.AudioCaptureTest" tests="17" skipped="0" failures="14" errors="0" timestamp="2025-09-22T12:30:05.390Z" hostname="Ashishs-Mac-mini.local" time="0.194">
  <properties/>
  <testcase name="testDeleteLast30Seconds" classname="com.frozo.ambientscribe.audio.AudioCaptureTest" time="0.114">
    <failure message="java.lang.RuntimeException: Method e in android.util.Log not mocked. See https://developer.android.com/r/studio-ui/build/not-mocked for details." type="java.lang.RuntimeException">java.lang.RuntimeException: Method e in android.util.Log not mocked. See https://developer.android.com/r/studio-ui/build/not-mocked for details.
	at android.util.Log.e(Log.java)
	at com.frozo.ambientscribe.audio.AudioCapture$initialize$2.invokeSuspend(AudioCapture.kt:71)
	at _COROUTINE._BOUNDARY._(CoroutineDebugging.kt:46)
	at com.frozo.ambientscribe.audio.AudioCaptureTest$testDeleteLast30Seconds$1.invokeSuspend(AudioCaptureTest.kt:247)
	at kotlinx.coroutines.test.TestBuildersKt__TestBuildersKt$runTest$2$1$1.invokeSuspend(TestBuilders.kt:314)
Caused by: java.lang.RuntimeException: Method e in android.util.Log not mocked. See https://developer.android.com/r/studio-ui/build/not-mocked for details.
	at android.util.Log.e(Log.java)
	at com.frozo.ambientscribe.audio.AudioCapture$initialize$2.invokeSuspend(AudioCapture.kt:71)
	at kotlin.coroutines.jvm.internal.BaseContinuationImpl.resumeWith(ContinuationImpl.kt:33)
	at kotlinx.coroutines.DispatchedTask.run(DispatchedTask.kt:108)
	at kotlinx.coroutines.internal.LimitedDispatcher$Worker.run(LimitedDispatcher.kt:115)
	at kotlinx.coroutines.scheduling.TaskImpl.run(Tasks.kt:103)
	at kotlinx.coroutines.scheduling.CoroutineScheduler.runSafely(CoroutineScheduler.kt:584)
	at kotlinx.coroutines.scheduling.CoroutineScheduler$Worker.executeTask(CoroutineScheduler.kt:793)
	at kotlinx.coroutines.scheduling.CoroutineScheduler$Worker.runWorker(CoroutineScheduler.kt:697)
	at kotlinx.coroutines.scheduling.CoroutineScheduler$Worker.run(CoroutineScheduler.kt:684)
</failure>
  </testcase>
  <testcase name="testAudioProcessing" classname="com.frozo.ambientscribe.audio.AudioCaptureTest" time="0.004">
    <failure message="java.lang.RuntimeException: Method e in android.util.Log not mocked. See https://developer.android.com/r/studio-ui/build/not-mocked for details." type="java.lang.RuntimeException">java.lang.RuntimeException: Method e in android.util.Log not mocked. See https://developer.android.com/r/studio-ui/build/not-mocked for details.
	at android.util.Log.e(Log.java)
	at com.frozo.ambientscribe.audio.AudioCapture$initialize$2.invokeSuspend(AudioCapture.kt:71)
	at _COROUTINE._BOUNDARY._(CoroutineDebugging.kt:46)
	at com.frozo.ambientscribe.audio.AudioCaptureTest$testAudioProcessing$1.invokeSuspend(AudioCaptureTest.kt:153)
	at kotlinx.coroutines.test.TestBuildersKt__TestBuildersKt$runTest$2$1$1.invokeSuspend(TestBuilders.kt:314)
Caused by: java.lang.RuntimeException: Method e in android.util.Log not mocked. See https://developer.android.com/r/studio-ui/build/not-mocked for details.
	at android.util.Log.e(Log.java)
	at com.frozo.ambientscribe.audio.AudioCapture$initialize$2.invokeSuspend(AudioCapture.kt:71)
	at kotlin.coroutines.jvm.internal.BaseContinuationImpl.resumeWith(ContinuationImpl.kt:33)
	at kotlinx.coroutines.DispatchedTask.run(DispatchedTask.kt:108)
	at kotlinx.coroutines.internal.LimitedDispatcher$Worker.run(LimitedDispatcher.kt:115)
	at kotlinx.coroutines.scheduling.TaskImpl.run(Tasks.kt:103)
	at kotlinx.coroutines.scheduling.CoroutineScheduler.runSafely(CoroutineScheduler.kt:584)
	at kotlinx.coroutines.scheduling.CoroutineScheduler$Worker.executeTask(CoroutineScheduler.kt:793)
	at kotlinx.coroutines.scheduling.CoroutineScheduler$Worker.runWorker(CoroutineScheduler.kt:697)
	at kotlinx.coroutines.scheduling.CoroutineScheduler$Worker.run(CoroutineScheduler.kt:684)
</failure>
  </testcase>
  <testcase name="testEnergyLevelCalculation" classname="com.frozo.ambientscribe.audio.AudioCaptureTest" time="0.007">
    <failure message="java.lang.RuntimeException: Method e in android.util.Log not mocked. See https://developer.android.com/r/studio-ui/build/not-mocked for details." type="java.lang.RuntimeException">java.lang.RuntimeException: Method e in android.util.Log not mocked. See https://developer.android.com/r/studio-ui/build/not-mocked for details.
	at android.util.Log.e(Log.java)
	at com.frozo.ambientscribe.audio.AudioCapture$initialize$2.invokeSuspend(AudioCapture.kt:71)
	at _COROUTINE._BOUNDARY._(CoroutineDebugging.kt:46)
	at com.frozo.ambientscribe.audio.AudioCaptureTest$testEnergyLevelCalculation$1.invokeSuspend(AudioCaptureTest.kt:353)
	at kotlinx.coroutines.test.TestBuildersKt__TestBuildersKt$runTest$2$1$1.invokeSuspend(TestBuilders.kt:314)
Caused by: java.lang.RuntimeException: Method e in android.util.Log not mocked. See https://developer.android.com/r/studio-ui/build/not-mocked for details.
	at android.util.Log.e(Log.java)
	at com.frozo.ambientscribe.audio.AudioCapture$initialize$2.invokeSuspend(AudioCapture.kt:71)
	at kotlin.coroutines.jvm.internal.BaseContinuationImpl.resumeWith(ContinuationImpl.kt:33)
	at kotlinx.coroutines.DispatchedTask.run(DispatchedTask.kt:108)
	at kotlinx.coroutines.internal.LimitedDispatcher$Worker.run(LimitedDispatcher.kt:115)
	at kotlinx.coroutines.scheduling.TaskImpl.run(Tasks.kt:103)
	at kotlinx.coroutines.scheduling.CoroutineScheduler.runSafely(CoroutineScheduler.kt:584)
	at kotlinx.coroutines.scheduling.CoroutineScheduler$Worker.executeTask(CoroutineScheduler.kt:793)
	at kotlinx.coroutines.scheduling.CoroutineScheduler$Worker.runWorker(CoroutineScheduler.kt:697)
	at kotlinx.coroutines.scheduling.CoroutineScheduler$Worker.run(CoroutineScheduler.kt:684)
</failure>
  </testcase>
  <testcase name="testRingBuffer" classname="com.frozo.ambientscribe.audio.AudioCaptureTest" time="0.005">
    <failure message="java.lang.RuntimeException: Method e in android.util.Log not mocked. See https://developer.android.com/r/studio-ui/build/not-mocked for details." type="java.lang.RuntimeException">java.lang.RuntimeException: Method e in android.util.Log not mocked. See https://developer.android.com/r/studio-ui/build/not-mocked for details.
	at android.util.Log.e(Log.java)
	at com.frozo.ambientscribe.audio.AudioCapture$initialize$2.invokeSuspend(AudioCapture.kt:71)
	at _COROUTINE._BOUNDARY._(CoroutineDebugging.kt:46)
	at com.frozo.ambientscribe.audio.AudioCaptureTest$testRingBuffer$1.invokeSuspend(AudioCaptureTest.kt:195)
	at kotlinx.coroutines.test.TestBuildersKt__TestBuildersKt$runTest$2$1$1.invokeSuspend(TestBuilders.kt:314)
Caused by: java.lang.RuntimeException: Method e in android.util.Log not mocked. See https://developer.android.com/r/studio-ui/build/not-mocked for details.
	at android.util.Log.e(Log.java)
	at com.frozo.ambientscribe.audio.AudioCapture$initialize$2.invokeSuspend(AudioCapture.kt:71)
	at kotlin.coroutines.jvm.internal.BaseContinuationImpl.resumeWith(ContinuationImpl.kt:33)
	at kotlinx.coroutines.DispatchedTask.run(DispatchedTask.kt:108)
	at kotlinx.coroutines.internal.LimitedDispatcher$Worker.run(LimitedDispatcher.kt:115)
	at kotlinx.coroutines.scheduling.TaskImpl.run(Tasks.kt:103)
	at kotlinx.coroutines.scheduling.CoroutineScheduler.runSafely(CoroutineScheduler.kt:584)
	at kotlinx.coroutines.scheduling.CoroutineScheduler$Worker.executeTask(CoroutineScheduler.kt:793)
	at kotlinx.coroutines.scheduling.CoroutineScheduler$Worker.runWorker(CoroutineScheduler.kt:697)
	at kotlinx.coroutines.scheduling.CoroutineScheduler$Worker.run(CoroutineScheduler.kt:684)
</failure>
  </testcase>
  <testcase name="testStopRecordingWhenNotRecording" classname="com.frozo.ambientscribe.audio.AudioCaptureTest" time="0.004">
    <failure message="java.lang.RuntimeException: Method e in android.util.Log not mocked. See https://developer.android.com/r/studio-ui/build/not-mocked for details." type="java.lang.RuntimeException">java.lang.RuntimeException: Method e in android.util.Log not mocked. See https://developer.android.com/r/studio-ui/build/not-mocked for details.
	at android.util.Log.e(Log.java)
	at com.frozo.ambientscribe.audio.AudioCapture$initialize$2.invokeSuspend(AudioCapture.kt:71)
	at _COROUTINE._BOUNDARY._(CoroutineDebugging.kt:46)
	at com.frozo.ambientscribe.audio.AudioCaptureTest$testStopRecordingWhenNotRecording$1.invokeSuspend(AudioCaptureTest.kt:441)
	at kotlinx.coroutines.test.TestBuildersKt__TestBuildersKt$runTest$2$1$1.invokeSuspend(TestBuilders.kt:314)
Caused by: java.lang.RuntimeException: Method e in android.util.Log not mocked. See https://developer.android.com/r/studio-ui/build/not-mocked for details.
	at android.util.Log.e(Log.java)
	at com.frozo.ambientscribe.audio.AudioCapture$initialize$2.invokeSuspend(AudioCapture.kt:71)
	at kotlin.coroutines.jvm.internal.BaseContinuationImpl.resumeWith(ContinuationImpl.kt:33)
	at kotlinx.coroutines.DispatchedTask.run(DispatchedTask.kt:108)
	at kotlinx.coroutines.internal.LimitedDispatcher$Worker.run(LimitedDispatcher.kt:115)
	at kotlinx.coroutines.scheduling.TaskImpl.run(Tasks.kt:103)
	at kotlinx.coroutines.scheduling.CoroutineScheduler.runSafely(CoroutineScheduler.kt:584)
	at kotlinx.coroutines.scheduling.CoroutineScheduler$Worker.executeTask(CoroutineScheduler.kt:793)
	at kotlinx.coroutines.scheduling.CoroutineScheduler$Worker.runWorker(CoroutineScheduler.kt:697)
	at kotlinx.coroutines.scheduling.CoroutineScheduler$Worker.run(CoroutineScheduler.kt:684)
</failure>
  </testcase>
  <testcase name="testStartRecording" classname="com.frozo.ambientscribe.audio.AudioCaptureTest" time="0.005">
    <failure message="java.lang.RuntimeException: Method e in android.util.Log not mocked. See https://developer.android.com/r/studio-ui/build/not-mocked for details." type="java.lang.RuntimeException">java.lang.RuntimeException: Method e in android.util.Log not mocked. See https://developer.android.com/r/studio-ui/build/not-mocked for details.
	at android.util.Log.e(Log.java)
	at com.frozo.ambientscribe.audio.AudioCapture$initialize$2.invokeSuspend(AudioCapture.kt:71)
	at _COROUTINE._BOUNDARY._(CoroutineDebugging.kt:46)
	at com.frozo.ambientscribe.audio.AudioCaptureTest$testStartRecording$1.invokeSuspend(AudioCaptureTest.kt:130)
	at kotlinx.coroutines.test.TestBuildersKt__TestBuildersKt$runTest$2$1$1.invokeSuspend(TestBuilders.kt:314)
Caused by: java.lang.RuntimeException: Method e in android.util.Log not mocked. See https://developer.android.com/r/studio-ui/build/not-mocked for details.
	at android.util.Log.e(Log.java)
	at com.frozo.ambientscribe.audio.AudioCapture$initialize$2.invokeSuspend(AudioCapture.kt:71)
	at kotlin.coroutines.jvm.internal.BaseContinuationImpl.resumeWith(ContinuationImpl.kt:33)
	at kotlinx.coroutines.DispatchedTask.run(DispatchedTask.kt:108)
	at kotlinx.coroutines.internal.LimitedDispatcher$Worker.run(LimitedDispatcher.kt:115)
	at kotlinx.coroutines.scheduling.TaskImpl.run(Tasks.kt:103)
	at kotlinx.coroutines.scheduling.CoroutineScheduler.runSafely(CoroutineScheduler.kt:584)
	at kotlinx.coroutines.scheduling.CoroutineScheduler$Worker.executeTask(CoroutineScheduler.kt:793)
	at kotlinx.coroutines.scheduling.CoroutineScheduler$Worker.runWorker(CoroutineScheduler.kt:697)
	at kotlinx.coroutines.scheduling.CoroutineScheduler$Worker.run(CoroutineScheduler.kt:684)
</failure>
  </testcase>
  <testcase name="testAudioFormat" classname="com.frozo.ambientscribe.audio.AudioCaptureTest" time="0.005"/>
  <testcase name="testStartRecordingNotInitialized" classname="com.frozo.ambientscribe.audio.AudioCaptureTest" time="0.007">
    <failure message="java.lang.AssertionError: Expected value to be false." type="java.lang.AssertionError">java.lang.AssertionError: Expected value to be false.
	at org.junit.Assert.fail(Assert.java:89)
	at kotlin.test.junit.JUnitAsserter.fail(JUnitSupport.kt:56)
	at kotlin.test.Asserter$DefaultImpls.assertTrue(Assertions.kt:652)
	at kotlin.test.junit.JUnitAsserter.assertTrue(JUnitSupport.kt:30)
	at kotlin.test.Asserter$DefaultImpls.assertTrue(Assertions.kt:662)
	at kotlin.test.junit.JUnitAsserter.assertTrue(JUnitSupport.kt:30)
	at kotlin.test.AssertionsKt__AssertionsKt.assertFalse(Assertions.kt:58)
	at kotlin.test.AssertionsKt.assertFalse(Unknown Source)
	at kotlin.test.AssertionsKt__AssertionsKt.assertFalse$default(Assertions.kt:56)
	at kotlin.test.AssertionsKt.assertFalse$default(Unknown Source)
	at com.frozo.ambientscribe.audio.AudioCaptureTest$testStartRecordingNotInitialized$1.invokeSuspend(AudioCaptureTest.kt:125)
	at com.frozo.ambientscribe.audio.AudioCaptureTest$testStartRecordingNotInitialized$1.invoke(AudioCaptureTest.kt)
	at com.frozo.ambientscribe.audio.AudioCaptureTest$testStartRecordingNotInitialized$1.invoke(AudioCaptureTest.kt)
	at kotlinx.coroutines.test.TestBuildersKt__TestBuildersKt$runTest$2$1$1.invokeSuspend(TestBuilders.kt:314)
	at kotlin.coroutines.jvm.internal.BaseContinuationImpl.resumeWith(ContinuationImpl.kt:33)
	at kotlinx.coroutines.DispatchedTask.run(DispatchedTask.kt:108)
	at kotlinx.coroutines.test.TestDispatcher.processEvent$kotlinx_coroutines_test(TestDispatcher.kt:28)
	at kotlinx.coroutines.test.TestCoroutineScheduler.tryRunNextTaskUnless$kotlinx_coroutines_test(TestCoroutineScheduler.kt:103)
	at kotlinx.coroutines.test.TestBuildersKt__TestBuildersKt$runTest$2$1$workRunner$1.invokeSuspend(TestBuilders.kt:320)
	at kotlin.coroutines.jvm.internal.BaseContinuationImpl.resumeWith(ContinuationImpl.kt:33)
	at kotlinx.coroutines.DispatchedTask.run(DispatchedTask.kt:108)
	at kotlinx.coroutines.EventLoopImplBase.processNextEvent(EventLoop.common.kt:280)
	at kotlinx.coroutines.BlockingCoroutine.joinBlocking(Builders.kt:85)
	at kotlinx.coroutines.BuildersKt__BuildersKt.runBlocking(Builders.kt:59)
	at kotlinx.coroutines.BuildersKt.runBlocking(Unknown Source)
	at kotlinx.coroutines.BuildersKt__BuildersKt.runBlocking$default(Builders.kt:38)
	at kotlinx.coroutines.BuildersKt.runBlocking$default(Unknown Source)
	at kotlinx.coroutines.test.TestBuildersJvmKt.createTestResult(TestBuildersJvm.kt:13)
	at kotlinx.coroutines.test.TestBuildersKt__TestBuildersKt.runTest-8Mi8wO0(TestBuilders.kt:308)
	at kotlinx.coroutines.test.TestBuildersKt.runTest-8Mi8wO0(Unknown Source)
	at kotlinx.coroutines.test.TestBuildersKt__TestBuildersKt.runTest-8Mi8wO0(TestBuilders.kt:166)
	at kotlinx.coroutines.test.TestBuildersKt.runTest-8Mi8wO0(Unknown Source)
	at kotlinx.coroutines.test.TestBuildersKt__TestBuildersKt.runTest-8Mi8wO0$default(TestBuilders.kt:158)
	at kotlinx.coroutines.test.TestBuildersKt.runTest-8Mi8wO0$default(Unknown Source)
	at com.frozo.ambientscribe.audio.AudioCaptureTest.testStartRecordingNotInitialized(AudioCaptureTest.kt:123)
	at java.base/jdk.internal.reflect.NativeMethodAccessorImpl.invoke0(Native Method)
	at java.base/jdk.internal.reflect.NativeMethodAccessorImpl.invoke(NativeMethodAccessorImpl.java:77)
	at java.base/jdk.internal.reflect.DelegatingMethodAccessorImpl.invoke(DelegatingMethodAccessorImpl.java:43)
	at java.base/java.lang.reflect.Method.invoke(Method.java:569)
	at org.junit.runners.model.FrameworkMethod$1.runReflectiveCall(FrameworkMethod.java:59)
	at org.junit.internal.runners.model.ReflectiveCallable.run(ReflectiveCallable.java:12)
	at org.junit.runners.model.FrameworkMethod.invokeExplosively(FrameworkMethod.java:56)
	at org.junit.internal.runners.statements.InvokeMethod.evaluate(InvokeMethod.java:17)
	at org.junit.internal.runners.statements.RunBefores.evaluate(RunBefores.java:26)
	at org.mockito.internal.runners.DefaultInternalRunner$1$1.evaluate(DefaultInternalRunner.java:55)
	at org.junit.internal.runners.statements.RunAfters.evaluate(RunAfters.java:27)
	at org.junit.runners.ParentRunner$3.evaluate(ParentRunner.java:306)
	at org.junit.runners.BlockJUnit4ClassRunner$1.evaluate(BlockJUnit4ClassRunner.java:100)
	at org.junit.runners.ParentRunner.runLeaf(ParentRunner.java:366)
	at org.junit.runners.BlockJUnit4ClassRunner.runChild(BlockJUnit4ClassRunner.java:103)
	at org.junit.runners.BlockJUnit4ClassRunner.runChild(BlockJUnit4ClassRunner.java:63)
	at org.junit.runners.ParentRunner$4.run(ParentRunner.java:331)
	at org.junit.runners.ParentRunner$1.schedule(ParentRunner.java:79)
	at org.junit.runners.ParentRunner.runChildren(ParentRunner.java:329)
	at org.junit.runners.ParentRunner.access$100(ParentRunner.java:66)
	at org.junit.runners.ParentRunner$2.evaluate(ParentRunner.java:293)
	at org.junit.runners.ParentRunner$3.evaluate(ParentRunner.java:306)
	at org.junit.runners.ParentRunner.run(ParentRunner.java:413)
	at org.mockito.internal.runners.DefaultInternalRunner$1.run(DefaultInternalRunner.java:100)
	at org.mockito.internal.runners.DefaultInternalRunner.run(DefaultInternalRunner.java:107)
	at org.mockito.internal.runners.StrictRunner.run(StrictRunner.java:42)
	at org.mockito.junit.MockitoJUnitRunner.run(MockitoJUnitRunner.java:163)
	at org.gradle.api.internal.tasks.testing.junit.JUnitTestClassExecutor.runTestClass(JUnitTestClassExecutor.java:112)
	at org.gradle.api.internal.tasks.testing.junit.JUnitTestClassExecutor.execute(JUnitTestClassExecutor.java:58)
	at org.gradle.api.internal.tasks.testing.junit.JUnitTestClassExecutor.execute(JUnitTestClassExecutor.java:40)
	at org.gradle.api.internal.tasks.testing.junit.AbstractJUnitTestClassProcessor.processTestClass(AbstractJUnitTestClassProcessor.java:54)
	at org.gradle.api.internal.tasks.testing.SuiteTestClassProcessor.processTestClass(SuiteTestClassProcessor.java:53)
	at java.base/jdk.internal.reflect.NativeMethodAccessorImpl.invoke0(Native Method)
	at java.base/jdk.internal.reflect.NativeMethodAccessorImpl.invoke(NativeMethodAccessorImpl.java:77)
	at java.base/jdk.internal.reflect.DelegatingMethodAccessorImpl.invoke(DelegatingMethodAccessorImpl.java:43)
	at java.base/java.lang.reflect.Method.invoke(Method.java:569)
	at org.gradle.internal.dispatch.ReflectionDispatch.dispatch(ReflectionDispatch.java:36)
	at org.gradle.internal.dispatch.ReflectionDispatch.dispatch(ReflectionDispatch.java:24)
	at org.gradle.internal.dispatch.ContextClassLoaderDispatch.dispatch(ContextClassLoaderDispatch.java:33)
	at org.gradle.internal.dispatch.ProxyDispatchAdapter$DispatchingInvocationHandler.invoke(ProxyDispatchAdapter.java:92)
	at jdk.proxy1/jdk.proxy1.$Proxy4.processTestClass(Unknown Source)
	at org.gradle.api.internal.tasks.testing.worker.TestWorker$2.run(TestWorker.java:183)
	at org.gradle.api.internal.tasks.testing.worker.TestWorker.executeAndMaintainThreadName(TestWorker.java:132)
	at org.gradle.api.internal.tasks.testing.worker.TestWorker.execute(TestWorker.java:103)
	at org.gradle.api.internal.tasks.testing.worker.TestWorker.execute(TestWorker.java:63)
	at org.gradle.process.internal.worker.child.ActionExecutionWorker.execute(ActionExecutionWorker.java:56)
	at org.gradle.process.internal.worker.child.SystemApplicationClassLoaderWorker.call(SystemApplicationClassLoaderWorker.java:122)
	at org.gradle.process.internal.worker.child.SystemApplicationClassLoaderWorker.call(SystemApplicationClassLoaderWorker.java:72)
	at worker.org.gradle.process.internal.worker.GradleWorkerMain.run(GradleWorkerMain.java:69)
	at worker.org.gradle.process.internal.worker.GradleWorkerMain.main(GradleWorkerMain.java:74)
</failure>
  </testcase>
  <testcase name="testRingBufferWraparound" classname="com.frozo.ambientscribe.audio.AudioCaptureTest" time="0.005"/>
  <testcase name="testRingBufferDurationLimit" classname="com.frozo.ambientscribe.audio.AudioCaptureTest" time="0.004"/>
  <testcase name="testInitialize" classname="com.frozo.ambientscribe.audio.AudioCaptureTest" time="0.004">
    <failure message="java.lang.RuntimeException: Method e in android.util.Log not mocked. See https://developer.android.com/r/studio-ui/build/not-mocked for details." type="java.lang.RuntimeException">java.lang.RuntimeException: Method e in android.util.Log not mocked. See https://developer.android.com/r/studio-ui/build/not-mocked for details.
	at android.util.Log.e(Log.java)
	at com.frozo.ambientscribe.audio.AudioCapture$initialize$2.invokeSuspend(AudioCapture.kt:71)
	at _COROUTINE._BOUNDARY._(CoroutineDebugging.kt:46)
	at com.frozo.ambientscribe.audio.AudioCaptureTest$testInitialize$1.invokeSuspend(AudioCaptureTest.kt:108)
	at kotlinx.coroutines.test.TestBuildersKt__TestBuildersKt$runTest$2$1$1.invokeSuspend(TestBuilders.kt:314)
Caused by: java.lang.RuntimeException: Method e in android.util.Log not mocked. See https://developer.android.com/r/studio-ui/build/not-mocked for details.
	at android.util.Log.e(Log.java)
	at com.frozo.ambientscribe.audio.AudioCapture$initialize$2.invokeSuspend(AudioCapture.kt:71)
	at kotlin.coroutines.jvm.internal.BaseContinuationImpl.resumeWith(ContinuationImpl.kt:33)
	at kotlinx.coroutines.DispatchedTask.run(DispatchedTask.kt:108)
	at kotlinx.coroutines.internal.LimitedDispatcher$Worker.run(LimitedDispatcher.kt:115)
	at kotlinx.coroutines.scheduling.TaskImpl.run(Tasks.kt:103)
	at kotlinx.coroutines.scheduling.CoroutineScheduler.runSafely(CoroutineScheduler.kt:584)
	at kotlinx.coroutines.scheduling.CoroutineScheduler$Worker.executeTask(CoroutineScheduler.kt:793)
	at kotlinx.coroutines.scheduling.CoroutineScheduler$Worker.runWorker(CoroutineScheduler.kt:697)
	at kotlinx.coroutines.scheduling.CoroutineScheduler$Worker.run(CoroutineScheduler.kt:684)
</failure>
  </testcase>
  <testcase name="testCleanup" classname="com.frozo.ambientscribe.audio.AudioCaptureTest" time="0.004">
    <failure message="java.lang.RuntimeException: Method e in android.util.Log not mocked. See https://developer.android.com/r/studio-ui/build/not-mocked for details." type="java.lang.RuntimeException">java.lang.RuntimeException: Method e in android.util.Log not mocked. See https://developer.android.com/r/studio-ui/build/not-mocked for details.
	at android.util.Log.e(Log.java)
	at com.frozo.ambientscribe.audio.AudioCapture$initialize$2.invokeSuspend(AudioCapture.kt:71)
	at _COROUTINE._BOUNDARY._(CoroutineDebugging.kt:46)
	at com.frozo.ambientscribe.audio.AudioCaptureTest$testCleanup$1.invokeSuspend(AudioCaptureTest.kt:282)
	at kotlinx.coroutines.test.TestBuildersKt__TestBuildersKt$runTest$2$1$1.invokeSuspend(TestBuilders.kt:314)
Caused by: java.lang.RuntimeException: Method e in android.util.Log not mocked. See https://developer.android.com/r/studio-ui/build/not-mocked for details.
	at android.util.Log.e(Log.java)
	at com.frozo.ambientscribe.audio.AudioCapture$initialize$2.invokeSuspend(AudioCapture.kt:71)
	at kotlin.coroutines.jvm.internal.BaseContinuationImpl.resumeWith(ContinuationImpl.kt:33)
	at kotlinx.coroutines.DispatchedTask.run(DispatchedTask.kt:108)
	at kotlinx.coroutines.internal.LimitedDispatcher$Worker.run(LimitedDispatcher.kt:115)
	at kotlinx.coroutines.scheduling.TaskImpl.run(Tasks.kt:103)
	at kotlinx.coroutines.scheduling.CoroutineScheduler.runSafely(CoroutineScheduler.kt:584)
	at kotlinx.coroutines.scheduling.CoroutineScheduler$Worker.executeTask(CoroutineScheduler.kt:793)
	at kotlinx.coroutines.scheduling.CoroutineScheduler$Worker.runWorker(CoroutineScheduler.kt:697)
	at kotlinx.coroutines.scheduling.CoroutineScheduler$Worker.run(CoroutineScheduler.kt:684)
</failure>
  </testcase>
  <testcase name="testVerifyBufferEmpty" classname="com.frozo.ambientscribe.audio.AudioCaptureTest" time="0.004">
    <failure message="java.lang.RuntimeException: Method e in android.util.Log not mocked. See https://developer.android.com/r/studio-ui/build/not-mocked for details." type="java.lang.RuntimeException">java.lang.RuntimeException: Method e in android.util.Log not mocked. See https://developer.android.com/r/studio-ui/build/not-mocked for details.
	at android.util.Log.e(Log.java)
	at com.frozo.ambientscribe.audio.AudioCapture$initialize$2.invokeSuspend(AudioCapture.kt:71)
	at _COROUTINE._BOUNDARY._(CoroutineDebugging.kt:46)
	at com.frozo.ambientscribe.audio.AudioCaptureTest$testVerifyBufferEmpty$1.invokeSuspend(AudioCaptureTest.kt:235)
	at kotlinx.coroutines.test.TestBuildersKt__TestBuildersKt$runTest$2$1$1.invokeSuspend(TestBuilders.kt:314)
Caused by: java.lang.RuntimeException: Method e in android.util.Log not mocked. See https://developer.android.com/r/studio-ui/build/not-mocked for details.
	at android.util.Log.e(Log.java)
	at com.frozo.ambientscribe.audio.AudioCapture$initialize$2.invokeSuspend(AudioCapture.kt:71)
	at kotlin.coroutines.jvm.internal.BaseContinuationImpl.resumeWith(ContinuationImpl.kt:33)
	at kotlinx.coroutines.DispatchedTask.run(DispatchedTask.kt:108)
	at kotlinx.coroutines.internal.LimitedDispatcher$Worker.run(LimitedDispatcher.kt:115)
	at kotlinx.coroutines.scheduling.TaskImpl.run(Tasks.kt:103)
	at kotlinx.coroutines.scheduling.CoroutineScheduler.runSafely(CoroutineScheduler.kt:584)
	at kotlinx.coroutines.scheduling.CoroutineScheduler$Worker.executeTask(CoroutineScheduler.kt:793)
	at kotlinx.coroutines.scheduling.CoroutineScheduler$Worker.runWorker(CoroutineScheduler.kt:697)
	at kotlinx.coroutines.scheduling.CoroutineScheduler$Worker.run(CoroutineScheduler.kt:684)
</failure>
  </testcase>
  <testcase name="testStopRecording" classname="com.frozo.ambientscribe.audio.AudioCaptureTest" time="0.003">
    <failure message="java.lang.RuntimeException: Method e in android.util.Log not mocked. See https://developer.android.com/r/studio-ui/build/not-mocked for details." type="java.lang.RuntimeException">java.lang.RuntimeException: Method e in android.util.Log not mocked. See https://developer.android.com/r/studio-ui/build/not-mocked for details.
	at android.util.Log.e(Log.java)
	at com.frozo.ambientscribe.audio.AudioCapture$initialize$2.invokeSuspend(AudioCapture.kt:71)
	at _COROUTINE._BOUNDARY._(CoroutineDebugging.kt:46)
	at com.frozo.ambientscribe.audio.AudioCaptureTest$testStopRecording$1.invokeSuspend(AudioCaptureTest.kt:186)
	at kotlinx.coroutines.test.TestBuildersKt__TestBuildersKt$runTest$2$1$1.invokeSuspend(TestBuilders.kt:314)
Caused by: java.lang.RuntimeException: Method e in android.util.Log not mocked. See https://developer.android.com/r/studio-ui/build/not-mocked for details.
	at android.util.Log.e(Log.java)
	at com.frozo.ambientscribe.audio.AudioCapture$initialize$2.invokeSuspend(AudioCapture.kt:71)
	at kotlin.coroutines.jvm.internal.BaseContinuationImpl.resumeWith(ContinuationImpl.kt:33)
	at kotlinx.coroutines.DispatchedTask.run(DispatchedTask.kt:108)
	at kotlinx.coroutines.internal.LimitedDispatcher$Worker.run(LimitedDispatcher.kt:115)
	at kotlinx.coroutines.scheduling.TaskImpl.run(Tasks.kt:103)
	at kotlinx.coroutines.scheduling.CoroutineScheduler.runSafely(CoroutineScheduler.kt:584)
	at kotlinx.coroutines.scheduling.CoroutineScheduler$Worker.executeTask(CoroutineScheduler.kt:793)
	at kotlinx.coroutines.scheduling.CoroutineScheduler$Worker.runWorker(CoroutineScheduler.kt:697)
	at kotlinx.coroutines.scheduling.CoroutineScheduler$Worker.run(CoroutineScheduler.kt:684)
</failure>
  </testcase>
  <testcase name="testInitializeFailure" classname="com.frozo.ambientscribe.audio.AudioCaptureTest" time="0.009">
    <failure message="java.lang.RuntimeException: Method e in android.util.Log not mocked. See https://developer.android.com/r/studio-ui/build/not-mocked for details." type="java.lang.RuntimeException">java.lang.RuntimeException: Method e in android.util.Log not mocked. See https://developer.android.com/r/studio-ui/build/not-mocked for details.
	at android.util.Log.e(Log.java)
	at com.frozo.ambientscribe.audio.AudioCapture$initialize$2.invokeSuspend(AudioCapture.kt:71)
	at _COROUTINE._BOUNDARY._(CoroutineDebugging.kt:46)
	at com.frozo.ambientscribe.audio.AudioCaptureTest$testInitializeFailure$1.invokeSuspend(AudioCaptureTest.kt:118)
	at kotlinx.coroutines.test.TestBuildersKt__TestBuildersKt$runTest$2$1$1.invokeSuspend(TestBuilders.kt:314)
Caused by: java.lang.RuntimeException: Method e in android.util.Log not mocked. See https://developer.android.com/r/studio-ui/build/not-mocked for details.
	at android.util.Log.e(Log.java)
	at com.frozo.ambientscribe.audio.AudioCapture$initialize$2.invokeSuspend(AudioCapture.kt:71)
	at kotlin.coroutines.jvm.internal.BaseContinuationImpl.resumeWith(ContinuationImpl.kt:33)
	at kotlinx.coroutines.DispatchedTask.run(DispatchedTask.kt:108)
	at kotlinx.coroutines.internal.LimitedDispatcher$Worker.run(LimitedDispatcher.kt:115)
	at kotlinx.coroutines.scheduling.TaskImpl.run(Tasks.kt:103)
	at kotlinx.coroutines.scheduling.CoroutineScheduler.runSafely(CoroutineScheduler.kt:584)
	at kotlinx.coroutines.scheduling.CoroutineScheduler$Worker.executeTask(CoroutineScheduler.kt:793)
	at kotlinx.coroutines.scheduling.CoroutineScheduler$Worker.runWorker(CoroutineScheduler.kt:697)
	at kotlinx.coroutines.scheduling.CoroutineScheduler$Worker.run(CoroutineScheduler.kt:684)
</failure>
  </testcase>
  <testcase name="testMultipleInitializeCalls" classname="com.frozo.ambientscribe.audio.AudioCaptureTest" time="0.004">
    <failure message="java.lang.RuntimeException: Method e in android.util.Log not mocked. See https://developer.android.com/r/studio-ui/build/not-mocked for details." type="java.lang.RuntimeException">java.lang.RuntimeException: Method e in android.util.Log not mocked. See https://developer.android.com/r/studio-ui/build/not-mocked for details.
	at android.util.Log.e(Log.java)
	at com.frozo.ambientscribe.audio.AudioCapture$initialize$2.invokeSuspend(AudioCapture.kt:71)
	at _COROUTINE._BOUNDARY._(CoroutineDebugging.kt:46)
	at com.frozo.ambientscribe.audio.AudioCaptureTest$testMultipleInitializeCalls$1.invokeSuspend(AudioCaptureTest.kt:432)
	at kotlinx.coroutines.test.TestBuildersKt__TestBuildersKt$runTest$2$1$1.invokeSuspend(TestBuilders.kt:314)
Caused by: java.lang.RuntimeException: Method e in android.util.Log not mocked. See https://developer.android.com/r/studio-ui/build/not-mocked for details.
	at android.util.Log.e(Log.java)
	at com.frozo.ambientscribe.audio.AudioCapture$initialize$2.invokeSuspend(AudioCapture.kt:71)
	at kotlin.coroutines.jvm.internal.BaseContinuationImpl.resumeWith(ContinuationImpl.kt:33)
	at kotlinx.coroutines.DispatchedTask.run(DispatchedTask.kt:108)
	at kotlinx.coroutines.internal.LimitedDispatcher$Worker.run(LimitedDispatcher.kt:115)
	at kotlinx.coroutines.scheduling.TaskImpl.run(Tasks.kt:103)
	at kotlinx.coroutines.scheduling.CoroutineScheduler.runSafely(CoroutineScheduler.kt:584)
	at kotlinx.coroutines.scheduling.CoroutineScheduler$Worker.executeTask(CoroutineScheduler.kt:793)
	at kotlinx.coroutines.scheduling.CoroutineScheduler$Worker.runWorker(CoroutineScheduler.kt:697)
	at kotlinx.coroutines.scheduling.CoroutineScheduler$Worker.run(CoroutineScheduler.kt:684)
</failure>
  </testcase>
  <testcase name="testAudioDataFlow" classname="com.frozo.ambientscribe.audio.AudioCaptureTest" time="0.003">
    <failure message="java.lang.RuntimeException: Method e in android.util.Log not mocked. See https://developer.android.com/r/studio-ui/build/not-mocked for details." type="java.lang.RuntimeException">java.lang.RuntimeException: Method e in android.util.Log not mocked. See https://developer.android.com/r/studio-ui/build/not-mocked for details.
	at android.util.Log.e(Log.java)
	at com.frozo.ambientscribe.audio.AudioCapture$initialize$2.invokeSuspend(AudioCapture.kt:71)
	at _COROUTINE._BOUNDARY._(CoroutineDebugging.kt:46)
	at com.frozo.ambientscribe.audio.AudioCaptureTest$testAudioDataFlow$1.invokeSuspend(AudioCaptureTest.kt:312)
	at kotlinx.coroutines.test.TestBuildersKt__TestBuildersKt$runTest$2$1$1.invokeSuspend(TestBuilders.kt:314)
Caused by: java.lang.RuntimeException: Method e in android.util.Log not mocked. See https://developer.android.com/r/studio-ui/build/not-mocked for details.
	at android.util.Log.e(Log.java)
	at com.frozo.ambientscribe.audio.AudioCapture$initialize$2.invokeSuspend(AudioCapture.kt:71)
	at kotlin.coroutines.jvm.internal.BaseContinuationImpl.resumeWith(ContinuationImpl.kt:33)
	at kotlinx.coroutines.DispatchedTask.run(DispatchedTask.kt:108)
	at kotlinx.coroutines.internal.LimitedDispatcher$Worker.run(LimitedDispatcher.kt:115)
	at kotlinx.coroutines.scheduling.TaskImpl.run(Tasks.kt:103)
	at kotlinx.coroutines.scheduling.CoroutineScheduler.runSafely(CoroutineScheduler.kt:584)
	at kotlinx.coroutines.scheduling.CoroutineScheduler$Worker.executeTask(CoroutineScheduler.kt:793)
	at kotlinx.coroutines.scheduling.CoroutineScheduler$Worker.runWorker(CoroutineScheduler.kt:697)
	at kotlinx.coroutines.scheduling.CoroutineScheduler$Worker.run(CoroutineScheduler.kt:684)
</failure>
  </testcase>
  <system-out><![CDATA[]]></system-out>
  <system-err><![CDATA[]]></system-err>
</testsuite>
